<?xml version="1.0" encoding="UTF-8"?>
<!-- Generated by org.testng.reporters.JUnitReportReporter -->
<testsuite hostname="DESKTOP-EQ3F1AP" failures="0" tests="1" name="com.training.Demo_ExtendReports.Salesforce_Login" time="7.599" errors="0" timestamp="2021-02-20T15:24:06 CST" skipped="0">
  <testcase classname="com.training.Demo_ExtendReports.Salesforce_Login" name="Login_01" time="7.599"/>
  <system-out/>
</testsuite> <!-- com.training.Demo_ExtendReports.Salesforce_Login -->
